-------------------------------------------------------------------------------
Test set: com.hospital.oms.manager.OrderManagerTest
-------------------------------------------------------------------------------
Tests run: 5, Failures: 0, Errors: 5, Skipped: 0, Time elapsed: 0.016 s <<< FAILURE! -- in com.hospital.oms.manager.OrderManagerTest
com.hospital.oms.manager.OrderManagerTest.cancelRejectsWrongClinician -- Time elapsed: 0.007 s <<< ERROR!
java.lang.IllegalStateException: Could not initialize plugin: interface org.mockito.plugins.MockMaker (alternate: null)
	at org.mockito.internal.configuration.plugins.PluginLoader$1.invoke(PluginLoader.java:84)
	at jdk.proxy2/jdk.proxy2.$Proxy82.isTypeMockable(Unknown Source)
	at org.mockito.internal.util.MockUtil.typeMockabilityOf(MockUtil.java:78)
	at org.mockito.internal.util.MockCreationValidator.validateType(MockCreationValidator.java:22)
	at org.mockito.internal.creation.MockSettingsImpl.validatedSettings(MockSettingsImpl.java:274)
	at org.mockito.internal.creation.MockSettingsImpl.build(MockSettingsImpl.java:235)
	at org.mockito.internal.MockitoCore.mock(MockitoCore.java:86)
	at org.mockito.Mockito.mock(Mockito.java:2101)
	at org.mockito.Mockito.mock(Mockito.java:2016)
	at com.hospital.oms.manager.OrderManagerTest.setUp(OrderManagerTest.java:41)
	at java.base/java.lang.reflect.Method.invoke(Method.java:569)
	at java.base/java.util.ArrayList.forEach(ArrayList.java:1511)
	at java.base/java.util.ArrayList.forEach(ArrayList.java:1511)
Caused by: java.lang.IllegalStateException: Internal problem occurred, please report it. Mockito is unable to load the default implementation of class that is a part of Mockito distribution. Failed to load interface org.mockito.plugins.MockMaker
	at org.mockito.internal.configuration.plugins.DefaultMockitoPlugins.create(DefaultMockitoPlugins.java:105)
	at org.mockito.internal.configuration.plugins.DefaultMockitoPlugins.getDefaultPlugin(DefaultMockitoPlugins.java:79)
	at org.mockito.internal.configuration.plugins.PluginLoader.loadPlugin(PluginLoader.java:75)
	at org.mockito.internal.configuration.plugins.PluginLoader.loadPlugin(PluginLoader.java:50)
	at org.mockito.internal.configuration.plugins.PluginRegistry.<init>(PluginRegistry.java:27)
	at org.mockito.internal.configuration.plugins.Plugins.<clinit>(Plugins.java:22)
	at org.mockito.internal.MockitoCore.<clinit>(MockitoCore.java:73)
	at org.mockito.Mockito.<clinit>(Mockito.java:1683)
	at org.springframework.boot.test.mock.mockito.MockReset.get(MockReset.java:105)
	at org.springframework.boot.test.mock.mockito.ResetMocksTestExecutionListener.resetMocks(ResetMocksTestExecutionListener.java:85)
	at org.springframework.boot.test.mock.mockito.ResetMocksTestExecutionListener.resetMocks(ResetMocksTestExecutionListener.java:73)
	at org.springframework.boot.test.mock.mockito.ResetMocksTestExecutionListener.beforeTestMethod(ResetMocksTestExecutionListener.java:60)
	at org.springframework.test.context.TestContextManager.beforeTestMethod(TestContextManager.java:320)
	at org.springframework.test.context.junit.jupiter.SpringExtension.beforeEach(SpringExtension.java:240)
	... 2 more
Caused by: java.lang.reflect.InvocationTargetException
	at java.base/java.lang.reflect.Constructor.newInstanceWithCaller(Constructor.java:500)
	at java.base/java.lang.reflect.Constructor.newInstance(Constructor.java:481)
	at org.mockito.internal.configuration.plugins.DefaultMockitoPlugins.create(DefaultMockitoPlugins.java:103)
	... 15 more
Caused by: org.mockito.exceptions.base.MockitoInitializationException: 
Could not initialize inline Byte Buddy mock maker.

It appears as if your JDK does not supply a working agent attachment mechanism.
Java               : 17
JVM vendor name    : Homebrew
JVM vendor version : 17.0.18+0
JVM name           : OpenJDK 64-Bit Server VM
JVM version        : 17.0.18+0
JVM info           : mixed mode, sharing
OS name            : Mac OS X
OS version         : 26.3.1

	at org.mockito.internal.creation.bytebuddy.InlineDelegateByteBuddyMockMaker.<init>(InlineDelegateByteBuddyMockMaker.java:260)
	at org.mockito.internal.creation.bytebuddy.InlineByteBuddyMockMaker.<init>(InlineByteBuddyMockMaker.java:23)
	... 18 more
Caused by: java.lang.IllegalStateException: Could not self-attach to current VM using external process - set a property net.bytebuddy.agent.attacher.dump to dump the process output to a file at the specified location
	at net.bytebuddy.agent.ByteBuddyAgent.installExternal(ByteBuddyAgent.java:706)
	at net.bytebuddy.agent.ByteBuddyAgent.install(ByteBuddyAgent.java:636)
	at net.bytebuddy.agent.ByteBuddyAgent.install(ByteBuddyAgent.java:616)
	at net.bytebuddy.agent.ByteBuddyAgent.install(ByteBuddyAgent.java:568)
	at net.bytebuddy.agent.ByteBuddyAgent.install(ByteBuddyAgent.java:545)
	at org.mockito.internal.creation.bytebuddy.InlineDelegateByteBuddyMockMaker.<clinit>(InlineDelegateByteBuddyMockMaker.java:133)
	... 19 more

com.hospital.oms.manager.OrderManagerTest.submitThenClaimCompleteAndCancelPaths -- Time elapsed: 0.001 s <<< ERROR!
java.lang.IllegalStateException: Could not initialize plugin: interface org.mockito.plugins.MockMaker (alternate: null)
	at org.mockito.internal.configuration.plugins.PluginLoader$1.invoke(PluginLoader.java:84)
	at jdk.proxy2/jdk.proxy2.$Proxy82.isTypeMockable(Unknown Source)
	at org.mockito.internal.util.MockUtil.typeMockabilityOf(MockUtil.java:78)
	at org.mockito.internal.util.MockCreationValidator.validateType(MockCreationValidator.java:22)
	at org.mockito.internal.creation.MockSettingsImpl.validatedSettings(MockSettingsImpl.java:274)
	at org.mockito.internal.creation.MockSettingsImpl.build(MockSettingsImpl.java:235)
	at org.mockito.internal.MockitoCore.mock(MockitoCore.java:86)
	at org.mockito.Mockito.mock(Mockito.java:2101)
	at org.mockito.Mockito.mock(Mockito.java:2016)
	at com.hospital.oms.manager.OrderManagerTest.setUp(OrderManagerTest.java:41)
	at java.base/java.lang.reflect.Method.invoke(Method.java:569)
	at java.base/java.util.ArrayList.forEach(ArrayList.java:1511)
	at java.base/java.util.ArrayList.forEach(ArrayList.java:1511)
Caused by: java.lang.IllegalStateException: Internal problem occurred, please report it. Mockito is unable to load the default implementation of class that is a part of Mockito distribution. Failed to load interface org.mockito.plugins.MockMaker
	at org.mockito.internal.configuration.plugins.DefaultMockitoPlugins.create(DefaultMockitoPlugins.java:105)
	at org.mockito.internal.configuration.plugins.DefaultMockitoPlugins.getDefaultPlugin(DefaultMockitoPlugins.java:79)
	at org.mockito.internal.configuration.plugins.PluginLoader.loadPlugin(PluginLoader.java:75)
	at org.mockito.internal.configuration.plugins.PluginLoader.loadPlugin(PluginLoader.java:50)
	at org.mockito.internal.configuration.plugins.PluginRegistry.<init>(PluginRegistry.java:27)
	at org.mockito.internal.configuration.plugins.Plugins.<clinit>(Plugins.java:22)
	at org.mockito.internal.MockitoCore.<clinit>(MockitoCore.java:73)
	at org.mockito.Mockito.<clinit>(Mockito.java:1683)
	at org.springframework.boot.test.mock.mockito.MockReset.get(MockReset.java:105)
	at org.springframework.boot.test.mock.mockito.ResetMocksTestExecutionListener.resetMocks(ResetMocksTestExecutionListener.java:85)
	at org.springframework.boot.test.mock.mockito.ResetMocksTestExecutionListener.resetMocks(ResetMocksTestExecutionListener.java:73)
	at org.springframework.boot.test.mock.mockito.ResetMocksTestExecutionListener.beforeTestMethod(ResetMocksTestExecutionListener.java:60)
	at org.springframework.test.context.TestContextManager.beforeTestMethod(TestContextManager.java:320)
	at org.springframework.test.context.junit.jupiter.SpringExtension.beforeEach(SpringExtension.java:240)
	... 2 more
Caused by: java.lang.reflect.InvocationTargetException
	at java.base/java.lang.reflect.Constructor.newInstanceWithCaller(Constructor.java:500)
	at java.base/java.lang.reflect.Constructor.newInstance(Constructor.java:481)
	at org.mockito.internal.configuration.plugins.DefaultMockitoPlugins.create(DefaultMockitoPlugins.java:103)
	... 15 more
Caused by: org.mockito.exceptions.base.MockitoInitializationException: 
Could not initialize inline Byte Buddy mock maker.

It appears as if your JDK does not supply a working agent attachment mechanism.
Java               : 17
JVM vendor name    : Homebrew
JVM vendor version : 17.0.18+0
JVM name           : OpenJDK 64-Bit Server VM
JVM version        : 17.0.18+0
JVM info           : mixed mode, sharing
OS name            : Mac OS X
OS version         : 26.3.1

	at org.mockito.internal.creation.bytebuddy.InlineDelegateByteBuddyMockMaker.<init>(InlineDelegateByteBuddyMockMaker.java:260)
	at org.mockito.internal.creation.bytebuddy.InlineByteBuddyMockMaker.<init>(InlineByteBuddyMockMaker.java:23)
	... 18 more
Caused by: java.lang.IllegalStateException: Could not self-attach to current VM using external process - set a property net.bytebuddy.agent.attacher.dump to dump the process output to a file at the specified location
	at net.bytebuddy.agent.ByteBuddyAgent.installExternal(ByteBuddyAgent.java:706)
	at net.bytebuddy.agent.ByteBuddyAgent.install(ByteBuddyAgent.java:636)
	at net.bytebuddy.agent.ByteBuddyAgent.install(ByteBuddyAgent.java:616)
	at net.bytebuddy.agent.ByteBuddyAgent.install(ByteBuddyAgent.java:568)
	at net.bytebuddy.agent.ByteBuddyAgent.install(ByteBuddyAgent.java:545)
	at org.mockito.internal.creation.bytebuddy.InlineDelegateByteBuddyMockMaker.<clinit>(InlineDelegateByteBuddyMockMaker.java:133)
	... 19 more

com.hospital.oms.manager.OrderManagerTest.cancelSucceedsWithMatchingClinician -- Time elapsed: 0.002 s <<< ERROR!
java.lang.IllegalStateException: Could not initialize plugin: interface org.mockito.plugins.MockMaker (alternate: null)
	at org.mockito.internal.configuration.plugins.PluginLoader$1.invoke(PluginLoader.java:84)
	at jdk.proxy2/jdk.proxy2.$Proxy82.isTypeMockable(Unknown Source)
	at org.mockito.internal.util.MockUtil.typeMockabilityOf(MockUtil.java:78)
	at org.mockito.internal.util.MockCreationValidator.validateType(MockCreationValidator.java:22)
	at org.mockito.internal.creation.MockSettingsImpl.validatedSettings(MockSettingsImpl.java:274)
	at org.mockito.internal.creation.MockSettingsImpl.build(MockSettingsImpl.java:235)
	at org.mockito.internal.MockitoCore.mock(MockitoCore.java:86)
	at org.mockito.Mockito.mock(Mockito.java:2101)
	at org.mockito.Mockito.mock(Mockito.java:2016)
	at com.hospital.oms.manager.OrderManagerTest.setUp(OrderManagerTest.java:41)
	at java.base/java.lang.reflect.Method.invoke(Method.java:569)
	at java.base/java.util.ArrayList.forEach(ArrayList.java:1511)
	at java.base/java.util.ArrayList.forEach(ArrayList.java:1511)
Caused by: java.lang.IllegalStateException: Internal problem occurred, please report it. Mockito is unable to load the default implementation of class that is a part of Mockito distribution. Failed to load interface org.mockito.plugins.MockMaker
	at org.mockito.internal.configuration.plugins.DefaultMockitoPlugins.create(DefaultMockitoPlugins.java:105)
	at org.mockito.internal.configuration.plugins.DefaultMockitoPlugins.getDefaultPlugin(DefaultMockitoPlugins.java:79)
	at org.mockito.internal.configuration.plugins.PluginLoader.loadPlugin(PluginLoader.java:75)
	at org.mockito.internal.configuration.plugins.PluginLoader.loadPlugin(PluginLoader.java:50)
	at org.mockito.internal.configuration.plugins.PluginRegistry.<init>(PluginRegistry.java:27)
	at org.mockito.internal.configuration.plugins.Plugins.<clinit>(Plugins.java:22)
	at org.mockito.internal.MockitoCore.<clinit>(MockitoCore.java:73)
	at org.mockito.Mockito.<clinit>(Mockito.java:1683)
	at org.springframework.boot.test.mock.mockito.MockReset.get(MockReset.java:105)
	at org.springframework.boot.test.mock.mockito.ResetMocksTestExecutionListener.resetMocks(ResetMocksTestExecutionListener.java:85)
	at org.springframework.boot.test.mock.mockito.ResetMocksTestExecutionListener.resetMocks(ResetMocksTestExecutionListener.java:73)
	at org.springframework.boot.test.mock.mockito.ResetMocksTestExecutionListener.beforeTestMethod(ResetMocksTestExecutionListener.java:60)
	at org.springframework.test.context.TestContextManager.beforeTestMethod(TestContextManager.java:320)
	at org.springframework.test.context.junit.jupiter.SpringExtension.beforeEach(SpringExtension.java:240)
	... 2 more
Caused by: java.lang.reflect.InvocationTargetException
	at java.base/java.lang.reflect.Constructor.newInstanceWithCaller(Constructor.java:500)
	at java.base/java.lang.reflect.Constructor.newInstance(Constructor.java:481)
	at org.mockito.internal.configuration.plugins.DefaultMockitoPlugins.create(DefaultMockitoPlugins.java:103)
	... 15 more
Caused by: org.mockito.exceptions.base.MockitoInitializationException: 
Could not initialize inline Byte Buddy mock maker.

It appears as if your JDK does not supply a working agent attachment mechanism.
Java               : 17
JVM vendor name    : Homebrew
JVM vendor version : 17.0.18+0
JVM name           : OpenJDK 64-Bit Server VM
JVM version        : 17.0.18+0
JVM info           : mixed mode, sharing
OS name            : Mac OS X
OS version         : 26.3.1

	at org.mockito.internal.creation.bytebuddy.InlineDelegateByteBuddyMockMaker.<init>(InlineDelegateByteBuddyMockMaker.java:260)
	at org.mockito.internal.creation.bytebuddy.InlineByteBuddyMockMaker.<init>(InlineByteBuddyMockMaker.java:23)
	... 18 more
Caused by: java.lang.IllegalStateException: Could not self-attach to current VM using external process - set a property net.bytebuddy.agent.attacher.dump to dump the process output to a file at the specified location
	at net.bytebuddy.agent.ByteBuddyAgent.installExternal(ByteBuddyAgent.java:706)
	at net.bytebuddy.agent.ByteBuddyAgent.install(ByteBuddyAgent.java:636)
	at net.bytebuddy.agent.ByteBuddyAgent.install(ByteBuddyAgent.java:616)
	at net.bytebuddy.agent.ByteBuddyAgent.install(ByteBuddyAgent.java:568)
	at net.bytebuddy.agent.ByteBuddyAgent.install(ByteBuddyAgent.java:545)
	at org.mockito.internal.creation.bytebuddy.InlineDelegateByteBuddyMockMaker.<clinit>(InlineDelegateByteBuddyMockMaker.java:133)
	... 19 more

com.hospital.oms.manager.OrderManagerTest.cancelRejectsNonPending -- Time elapsed: 0 s <<< ERROR!
java.lang.IllegalStateException: Could not initialize plugin: interface org.mockito.plugins.MockMaker (alternate: null)
	at org.mockito.internal.configuration.plugins.PluginLoader$1.invoke(PluginLoader.java:84)
	at jdk.proxy2/jdk.proxy2.$Proxy82.isTypeMockable(Unknown Source)
	at org.mockito.internal.util.MockUtil.typeMockabilityOf(MockUtil.java:78)
	at org.mockito.internal.util.MockCreationValidator.validateType(MockCreationValidator.java:22)
	at org.mockito.internal.creation.MockSettingsImpl.validatedSettings(MockSettingsImpl.java:274)
	at org.mockito.internal.creation.MockSettingsImpl.build(MockSettingsImpl.java:235)
	at org.mockito.internal.MockitoCore.mock(MockitoCore.java:86)
	at org.mockito.Mockito.mock(Mockito.java:2101)
	at org.mockito.Mockito.mock(Mockito.java:2016)
	at com.hospital.oms.manager.OrderManagerTest.setUp(OrderManagerTest.java:41)
	at java.base/java.lang.reflect.Method.invoke(Method.java:569)
	at java.base/java.util.ArrayList.forEach(ArrayList.java:1511)
	at java.base/java.util.ArrayList.forEach(ArrayList.java:1511)
Caused by: java.lang.IllegalStateException: Internal problem occurred, please report it. Mockito is unable to load the default implementation of class that is a part of Mockito distribution. Failed to load interface org.mockito.plugins.MockMaker
	at org.mockito.internal.configuration.plugins.DefaultMockitoPlugins.create(DefaultMockitoPlugins.java:105)
	at org.mockito.internal.configuration.plugins.DefaultMockitoPlugins.getDefaultPlugin(DefaultMockitoPlugins.java:79)
	at org.mockito.internal.configuration.plugins.PluginLoader.loadPlugin(PluginLoader.java:75)
	at org.mockito.internal.configuration.plugins.PluginLoader.loadPlugin(PluginLoader.java:50)
	at org.mockito.internal.configuration.plugins.PluginRegistry.<init>(PluginRegistry.java:27)
	at org.mockito.internal.configuration.plugins.Plugins.<clinit>(Plugins.java:22)
	at org.mockito.internal.MockitoCore.<clinit>(MockitoCore.java:73)
	at org.mockito.Mockito.<clinit>(Mockito.java:1683)
	at org.springframework.boot.test.mock.mockito.MockReset.get(MockReset.java:105)
	at org.springframework.boot.test.mock.mockito.ResetMocksTestExecutionListener.resetMocks(ResetMocksTestExecutionListener.java:85)
	at org.springframework.boot.test.mock.mockito.ResetMocksTestExecutionListener.resetMocks(ResetMocksTestExecutionListener.java:73)
	at org.springframework.boot.test.mock.mockito.ResetMocksTestExecutionListener.beforeTestMethod(ResetMocksTestExecutionListener.java:60)
	at org.springframework.test.context.TestContextManager.beforeTestMethod(TestContextManager.java:320)
	at org.springframework.test.context.junit.jupiter.SpringExtension.beforeEach(SpringExtension.java:240)
	... 2 more
Caused by: java.lang.reflect.InvocationTargetException
	at java.base/java.lang.reflect.Constructor.newInstanceWithCaller(Constructor.java:500)
	at java.base/java.lang.reflect.Constructor.newInstance(Constructor.java:481)
	at org.mockito.internal.configuration.plugins.DefaultMockitoPlugins.create(DefaultMockitoPlugins.java:103)
	... 15 more
Caused by: org.mockito.exceptions.base.MockitoInitializationException: 
Could not initialize inline Byte Buddy mock maker.

It appears as if your JDK does not supply a working agent attachment mechanism.
Java               : 17
JVM vendor name    : Homebrew
JVM vendor version : 17.0.18+0
JVM name           : OpenJDK 64-Bit Server VM
JVM version        : 17.0.18+0
JVM info           : mixed mode, sharing
OS name            : Mac OS X
OS version         : 26.3.1

	at org.mockito.internal.creation.bytebuddy.InlineDelegateByteBuddyMockMaker.<init>(InlineDelegateByteBuddyMockMaker.java:260)
	at org.mockito.internal.creation.bytebuddy.InlineByteBuddyMockMaker.<init>(InlineByteBuddyMockMaker.java:23)
	... 18 more
Caused by: java.lang.IllegalStateException: Could not self-attach to current VM using external process - set a property net.bytebuddy.agent.attacher.dump to dump the process output to a file at the specified location
	at net.bytebuddy.agent.ByteBuddyAgent.installExternal(ByteBuddyAgent.java:706)
	at net.bytebuddy.agent.ByteBuddyAgent.install(ByteBuddyAgent.java:636)
	at net.bytebuddy.agent.ByteBuddyAgent.install(ByteBuddyAgent.java:616)
	at net.bytebuddy.agent.ByteBuddyAgent.install(ByteBuddyAgent.java:568)
	at net.bytebuddy.agent.ByteBuddyAgent.install(ByteBuddyAgent.java:545)
	at org.mockito.internal.creation.bytebuddy.InlineDelegateByteBuddyMockMaker.<clinit>(InlineDelegateByteBuddyMockMaker.java:133)
	... 19 more

com.hospital.oms.manager.OrderManagerTest.notificationsOnStatusChanges -- Time elapsed: 0.001 s <<< ERROR!
java.lang.IllegalStateException: Could not initialize plugin: interface org.mockito.plugins.MockMaker (alternate: null)
	at org.mockito.internal.configuration.plugins.PluginLoader$1.invoke(PluginLoader.java:84)
	at jdk.proxy2/jdk.proxy2.$Proxy82.isTypeMockable(Unknown Source)
	at org.mockito.internal.util.MockUtil.typeMockabilityOf(MockUtil.java:78)
	at org.mockito.internal.util.MockCreationValidator.validateType(MockCreationValidator.java:22)
	at org.mockito.internal.creation.MockSettingsImpl.validatedSettings(MockSettingsImpl.java:274)
	at org.mockito.internal.creation.MockSettingsImpl.build(MockSettingsImpl.java:235)
	at org.mockito.internal.MockitoCore.mock(MockitoCore.java:86)
	at org.mockito.Mockito.mock(Mockito.java:2101)
	at org.mockito.Mockito.mock(Mockito.java:2016)
	at com.hospital.oms.manager.OrderManagerTest.setUp(OrderManagerTest.java:41)
	at java.base/java.lang.reflect.Method.invoke(Method.java:569)
	at java.base/java.util.ArrayList.forEach(ArrayList.java:1511)
	at java.base/java.util.ArrayList.forEach(ArrayList.java:1511)
Caused by: java.lang.IllegalStateException: Internal problem occurred, please report it. Mockito is unable to load the default implementation of class that is a part of Mockito distribution. Failed to load interface org.mockito.plugins.MockMaker
	at org.mockito.internal.configuration.plugins.DefaultMockitoPlugins.create(DefaultMockitoPlugins.java:105)
	at org.mockito.internal.configuration.plugins.DefaultMockitoPlugins.getDefaultPlugin(DefaultMockitoPlugins.java:79)
	at org.mockito.internal.configuration.plugins.PluginLoader.loadPlugin(PluginLoader.java:75)
	at org.mockito.internal.configuration.plugins.PluginLoader.loadPlugin(PluginLoader.java:50)
	at org.mockito.internal.configuration.plugins.PluginRegistry.<init>(PluginRegistry.java:27)
	at org.mockito.internal.configuration.plugins.Plugins.<clinit>(Plugins.java:22)
	at org.mockito.internal.MockitoCore.<clinit>(MockitoCore.java:73)
	at org.mockito.Mockito.<clinit>(Mockito.java:1683)
	at org.springframework.boot.test.mock.mockito.MockReset.get(MockReset.java:105)
	at org.springframework.boot.test.mock.mockito.ResetMocksTestExecutionListener.resetMocks(ResetMocksTestExecutionListener.java:85)
	at org.springframework.boot.test.mock.mockito.ResetMocksTestExecutionListener.resetMocks(ResetMocksTestExecutionListener.java:73)
	at org.springframework.boot.test.mock.mockito.ResetMocksTestExecutionListener.beforeTestMethod(ResetMocksTestExecutionListener.java:60)
	at org.springframework.test.context.TestContextManager.beforeTestMethod(TestContextManager.java:320)
	at org.springframework.test.context.junit.jupiter.SpringExtension.beforeEach(SpringExtension.java:240)
	... 2 more
Caused by: java.lang.reflect.InvocationTargetException
	at java.base/java.lang.reflect.Constructor.newInstanceWithCaller(Constructor.java:500)
	at java.base/java.lang.reflect.Constructor.newInstance(Constructor.java:481)
	at org.mockito.internal.configuration.plugins.DefaultMockitoPlugins.create(DefaultMockitoPlugins.java:103)
	... 15 more
Caused by: org.mockito.exceptions.base.MockitoInitializationException: 
Could not initialize inline Byte Buddy mock maker.

It appears as if your JDK does not supply a working agent attachment mechanism.
Java               : 17
JVM vendor name    : Homebrew
JVM vendor version : 17.0.18+0
JVM name           : OpenJDK 64-Bit Server VM
JVM version        : 17.0.18+0
JVM info           : mixed mode, sharing
OS name            : Mac OS X
OS version         : 26.3.1

	at org.mockito.internal.creation.bytebuddy.InlineDelegateByteBuddyMockMaker.<init>(InlineDelegateByteBuddyMockMaker.java:260)
	at org.mockito.internal.creation.bytebuddy.InlineByteBuddyMockMaker.<init>(InlineByteBuddyMockMaker.java:23)
	... 18 more
Caused by: java.lang.IllegalStateException: Could not self-attach to current VM using external process - set a property net.bytebuddy.agent.attacher.dump to dump the process output to a file at the specified location
	at net.bytebuddy.agent.ByteBuddyAgent.installExternal(ByteBuddyAgent.java:706)
	at net.bytebuddy.agent.ByteBuddyAgent.install(ByteBuddyAgent.java:636)
	at net.bytebuddy.agent.ByteBuddyAgent.install(ByteBuddyAgent.java:616)
	at net.bytebuddy.agent.ByteBuddyAgent.install(ByteBuddyAgent.java:568)
	at net.bytebuddy.agent.ByteBuddyAgent.install(ByteBuddyAgent.java:545)
	at org.mockito.internal.creation.bytebuddy.InlineDelegateByteBuddyMockMaker.<clinit>(InlineDelegateByteBuddyMockMaker.java:133)
	... 19 more

